<?xml version="1.0" encoding="utf-8"?>
<test-run id="2" testcasecount="3" result="Passed" total="3" passed="3" failed="0" inconclusive="0" skipped="0" asserts="0" engine-version="3.5.0.0" clr-version="4.0.30319.42000" start-time="2026-09-21 18:04:31Z" end-time="2026-09-21 18:04:31Z" duration="0,2970904">
  <test-suite type="TestSuite" id="1000" name="FLOWSTATE" fullname="FLOWSTATE" runstate="Runnable" testcasecount="7" result="Passed" start-time="2026-09-21 18:04:31Z" end-time="2026-09-21 18:04:31Z" duration="0.297090" total="3" passed="3" failed="0" inconclusive="0" skipped="0" asserts="0">
    <properties>
      <property name="platform" value="EditMode" />
    </properties>
    <test-suite type="Assembly" id="1005" name="FlowState.MainMenu.EditorTests.dll" fullname="C:/Users/alons/FLOWSTATE/Library/ScriptAssemblies/FlowState.MainMenu.EditorTests.dll" runstate="Runnable" testcasecount="3" result="Passed" start-time="2026-09-21 18:04:31Z" end-time="2026-09-21 18:04:31Z" duration="0.289163" total="3" passed="3" failed="0" inconclusive="0" skipped="0" asserts="0">
      <properties>
        <property name="_PID" value="25408" />
        <property name="_APPDOMAIN" value="Unity Child Domain" />
        <property name="platform" value="EditMode" />
        <property name="EditorOnly" value="True" />
      </properties>
      <test-suite type="TestSuite" id="1006" name="FlowState" fullname="FlowState" runstate="Runnable" testcasecount="3" result="Passed" start-time="2026-09-21 18:04:31Z" end-time="2026-09-21 18:04:31Z" duration="0.288585" total="3" passed="3" failed="0" inconclusive="0" skipped="0" asserts="0">
        <properties />
        <test-suite type="TestSuite" id="1007" name="Menu" fullname="FlowState.Menu" runstate="Runnable" testcasecount="3" result="Passed" start-time="2026-09-21 18:04:31Z" end-time="2026-09-21 18:04:31Z" duration="0.288306" total="3" passed="3" failed="0" inconclusive="0" skipped="0" asserts="0">
          <properties />
          <test-suite type="TestSuite" id="1008" name="Tests" fullname="FlowState.Menu.Tests" runstate="Runnable" testcasecount="3" result="Passed" start-time="2026-09-21 18:04:31Z" end-time="2026-09-21 18:04:31Z" duration="0.287981" total="3" passed="3" failed="0" inconclusive="0" skipped="0" asserts="0">
            <properties />
            <test-suite type="TestFixture" id="1001" name="GraffitiPlacementTests" fullname="FlowState.Menu.Tests.GraffitiPlacementTests" classname="FlowState.Menu.Tests.GraffitiPlacementTests" runstate="Runnable" testcasecount="3" result="Passed" start-time="2026-09-21 18:04:31Z" end-time="2026-09-21 18:04:31Z" duration="0.286631" total="3" passed="3" failed="0" inconclusive="0" skipped="0" asserts="0">
              <properties />
              <test-case id="1002" name="CarouselWrapsInBothDirections" fullname="FlowState.Menu.Tests.GraffitiPlacementTests.CarouselWrapsInBothDirections" methodname="CarouselWrapsInBothDirections" classname="FlowState.Menu.Tests.GraffitiPlacementTests" runstate="Runnable" seed="1235728148" result="Passed" start-time="2026-09-21 18:04:31Z" end-time="2026-09-21 18:04:31Z" duration="0.017652" asserts="0">
                <properties>
                  <property name="retryIteration" value="0" />
                  <property name="repeatIteration" value="0" />
                </properties>
              </test-case>
              <test-case id="1003" name="LongSessionsRespectLogoAndCanRegions" fullname="FlowState.Menu.Tests.GraffitiPlacementTests.LongSessionsRespectLogoAndCanRegions" methodname="LongSessionsRespectLogoAndCanRegions" classname="FlowState.Menu.Tests.GraffitiPlacementTests" runstate="Runnable" seed="1638818150" result="Passed" start-time="2026-09-21 18:04:31Z" end-time="2026-09-21 18:04:31Z" duration="0.243993" asserts="0">
                <properties>
                  <property name="retryIteration" value="0" />
                  <property name="repeatIteration" value="0" />
                </properties>
              </test-case>
              <test-case id="1004" name="SeedReproducesCompositionAndRepeatedWordsVary" fullname="FlowState.Menu.Tests.GraffitiPlacementTests.SeedReproducesCompositionAndRepeatedWordsVary" methodname="SeedReproducesCompositionAndRepeatedWordsVary" classname="FlowState.Menu.Tests.GraffitiPlacementTests" runstate="Runnable" seed="93499463" result="Passed" start-time="2026-09-21 18:04:31Z" end-time="2026-09-21 18:04:31Z" duration="0.008295" asserts="0">
                <properties>
                  <property name="retryIteration" value="0" />
                  <property name="repeatIteration" value="0" />
                </properties>
                <output><![CDATA[<b><color=#2EA3FF>MCP-FOR-UNITY</color></b>: [TestRunnerNoThrottle] Restored Interaction Mode after test run.
Saving results to: C:/Users/alons/AppData/LocalLow/DefaultCompany/FLOWSTATE\TestResults.xml
]]></output>
              </test-case>
            </test-suite>
          </test-suite>
        </test-suite>
      </test-suite>
    </test-suite>
  </test-suite>
</test-run>